2022-05-29 12:23:03,818  INFO [main] DemoSaucev1:46 - URL open
2022-05-29 12:23:03,942  INFO [main] DemoSaucev1:53 - enter the username
2022-05-29 12:23:04,009  INFO [main] DemoSaucev1:55 - enter the password
2022-05-29 12:23:04,095  INFO [main] DemoSaucev1:57 - click on loginbutton
2022-05-29 12:23:04,174  INFO [main] DemoSaucev1:24 - Single product added to cart
2022-05-29 12:23:04,233  INFO [main] DemoSaucev1:26 - Click on cart Button
2022-05-29 12:23:04,322  INFO [main] DemoSaucev1:36 - Click on menubutton
2022-05-29 12:23:04,451  INFO [main] DemoSaucev1:38 - click on logoutbutton
2022-05-29 12:23:04,808  INFO [main] DemoSaucev1:65 - End of program
2022-05-29 12:23:05,753  INFO [main] DemoSaucev1:42 - Browser is open
2022-05-29 12:23:07,408  INFO [main] DemoSaucev1:46 - URL open
2022-05-29 12:23:07,487  INFO [main] DemoSaucev1:53 - enter the username
2022-05-29 12:23:07,545  INFO [main] DemoSaucev1:55 - enter the password
2022-05-29 12:23:07,635  INFO [main] DemoSaucev1:57 - click on loginbutton
2022-05-29 12:23:07,636  INFO [main] DemoSaucev1:25 - Verify the test case
2022-05-29 12:23:08,038  INFO [main] DemoSaucev1:65 - End of program
2022-05-29 12:23:08,984  INFO [main] DemoSaucev1:42 - Browser is open
2022-05-29 12:23:10,730  INFO [main] DemoSaucev1:46 - URL open
2022-05-29 12:23:10,815  INFO [main] DemoSaucev1:53 - enter the username
2022-05-29 12:23:10,874  INFO [main] DemoSaucev1:55 - enter the password
2022-05-29 12:23:10,956  INFO [main] DemoSaucev1:57 - click on loginbutton
2022-05-29 12:23:11,139  INFO [main] DemoSaucev1:25 - Multiple bag add to cart
2022-05-29 12:23:11,502  INFO [main] DemoSaucev1:65 - End of program
2022-05-29 12:23:12,483  INFO [main] DemoSaucev1:42 - Browser is open
2022-05-29 12:23:14,375  INFO [main] DemoSaucev1:46 - URL open
2022-05-29 12:23:14,449  INFO [main] DemoSaucev1:53 - enter the username
2022-05-29 12:23:14,510  INFO [main] DemoSaucev1:55 - enter the password
2022-05-29 12:23:14,596  INFO [main] DemoSaucev1:57 - click on loginbutton
2022-05-29 12:23:14,661  INFO [main] DemoSaucev1:26 - Single product added to cart
2022-05-29 12:23:14,718  INFO [main] DemoSaucev1:28 - Click on cart Button
2022-05-29 12:23:14,869  INFO [main] DemoSaucev1:35 - First name added
2022-05-29 12:23:14,933  INFO [main] DemoSaucev1:37 - Last name added
2022-05-29 12:23:14,981  INFO [main] DemoSaucev1:39 - Click on ContinueButton
2022-05-29 12:23:15,032  INFO [main] DemoSaucev1:49 - Click on menubutton
2022-05-29 12:23:15,173  INFO [main] DemoSaucev1:51 - click on logoutbutton
2022-05-29 12:23:15,546  INFO [main] DemoSaucev1:65 - End of program
2022-05-29 12:23:16,461  INFO [main] DemoSaucev1:42 - Browser is open
2022-05-29 12:23:18,203  INFO [main] DemoSaucev1:46 - URL open
2022-05-29 12:23:18,282  INFO [main] DemoSaucev1:53 - enter the username
2022-05-29 12:23:18,339  INFO [main] DemoSaucev1:55 - enter the password
2022-05-29 12:23:18,424  INFO [main] DemoSaucev1:57 - click on loginbutton
2022-05-29 12:23:18,476  INFO [main] DemoSaucev1:26 - Click on menubutton
2022-05-29 12:23:18,603  INFO [main] DemoSaucev1:28 - click on logoutbutton
2022-05-29 12:23:18,934  INFO [main] DemoSaucev1:65 - End of program
2022-05-30 13:27:44,924  INFO [main] DemoSaucev1:46 - URL open
2022-05-30 13:27:45,114  INFO [main] DemoSaucev1:53 - enter the username
2022-05-30 13:27:45,220  INFO [main] DemoSaucev1:55 - enter the password
2022-05-30 13:27:45,382  INFO [main] DemoSaucev1:57 - click on loginbutton
2022-05-30 13:27:45,501  INFO [main] DemoSaucev1:24 - Single product added to cart
2022-05-30 13:27:45,598  INFO [main] DemoSaucev1:26 - Click on cart Button
2022-05-30 13:27:45,728  INFO [main] DemoSaucev1:36 - Click on menubutton
2022-05-30 13:27:45,874  INFO [main] DemoSaucev1:38 - click on logoutbutton
2022-05-30 13:27:46,344  INFO [main] DemoSaucev1:65 - End of program
2022-05-30 13:27:47,404  INFO [main] DemoSaucev1:42 - Browser is open
2022-05-30 13:27:48,977  INFO [main] DemoSaucev1:46 - URL open
2022-05-30 13:27:49,080  INFO [main] DemoSaucev1:53 - enter the username
2022-05-30 13:27:49,175  INFO [main] DemoSaucev1:55 - enter the password
2022-05-30 13:27:49,312  INFO [main] DemoSaucev1:57 - click on loginbutton
2022-05-30 13:27:49,314  INFO [main] DemoSaucev1:25 - Verify the test case
2022-05-30 13:27:49,865  INFO [main] DemoSaucev1:65 - End of program
2022-05-30 13:27:50,895  INFO [main] DemoSaucev1:42 - Browser is open
2022-05-30 13:27:52,526  INFO [main] DemoSaucev1:46 - URL open
2022-05-30 13:27:52,626  INFO [main] DemoSaucev1:53 - enter the username
2022-05-30 13:27:52,711  INFO [main] DemoSaucev1:55 - enter the password
2022-05-30 13:27:52,854  INFO [main] DemoSaucev1:57 - click on loginbutton
2022-05-30 13:27:53,164  INFO [main] DemoSaucev1:25 - Multiple bag add to cart
2022-05-30 13:27:53,672  INFO [main] DemoSaucev1:65 - End of program
2022-05-30 13:27:54,767  INFO [main] DemoSaucev1:42 - Browser is open
2022-05-30 13:27:56,425  INFO [main] DemoSaucev1:46 - URL open
2022-05-30 13:27:56,535  INFO [main] DemoSaucev1:53 - enter the username
2022-05-30 13:27:56,618  INFO [main] DemoSaucev1:55 - enter the password
2022-05-30 13:27:56,754  INFO [main] DemoSaucev1:57 - click on loginbutton
2022-05-30 13:27:56,824  INFO [main] DemoSaucev1:26 - Single product added to cart
2022-05-30 13:27:56,908  INFO [main] DemoSaucev1:28 - Click on cart Button
2022-05-30 13:27:57,097  INFO [main] DemoSaucev1:35 - First name added
2022-05-30 13:27:57,206  INFO [main] DemoSaucev1:37 - Last name added
2022-05-30 13:27:57,273  INFO [main] DemoSaucev1:39 - Click on ContinueButton
2022-05-30 13:27:57,342  INFO [main] DemoSaucev1:49 - Click on menubutton
2022-05-30 13:27:57,470  INFO [main] DemoSaucev1:51 - click on logoutbutton
2022-05-30 13:27:57,885  INFO [main] DemoSaucev1:65 - End of program
2022-05-30 13:27:59,022  INFO [main] DemoSaucev1:42 - Browser is open
2022-05-30 13:28:00,676  INFO [main] DemoSaucev1:46 - URL open
2022-05-30 13:28:00,784  INFO [main] DemoSaucev1:53 - enter the username
2022-05-30 13:28:00,871  INFO [main] DemoSaucev1:55 - enter the password
2022-05-30 13:28:01,004  INFO [main] DemoSaucev1:57 - click on loginbutton
2022-05-30 13:28:01,077  INFO [main] DemoSaucev1:26 - Click on menubutton
2022-05-30 13:28:01,264  INFO [main] DemoSaucev1:28 - click on logoutbutton
2022-05-30 13:28:01,677  INFO [main] DemoSaucev1:65 - End of program
2022-05-30 14:58:49,189  INFO [main] DemoSaucev1:46 - URL open
2022-05-30 14:58:49,344  INFO [main] DemoSaucev1:53 - enter the username
2022-05-30 14:58:49,453  INFO [main] DemoSaucev1:55 - enter the password
2022-05-30 14:58:49,581  INFO [main] DemoSaucev1:57 - click on loginbutton
2022-05-30 14:58:49,661  INFO [main] DemoSaucev1:24 - Single product added to cart
2022-05-30 14:58:49,730  INFO [main] DemoSaucev1:26 - Click on cart Button
2022-05-30 14:58:49,846  INFO [main] DemoSaucev1:36 - Click on menubutton
2022-05-30 14:58:49,993  INFO [main] DemoSaucev1:38 - click on logoutbutton
2022-05-30 14:58:50,453  INFO [main] DemoSaucev1:65 - End of program
2022-05-30 14:58:51,483  INFO [main] DemoSaucev1:42 - Browser is open
2022-05-30 14:58:53,195  INFO [main] DemoSaucev1:46 - URL open
2022-05-30 14:58:53,293  INFO [main] DemoSaucev1:53 - enter the username
2022-05-30 14:58:53,376  INFO [main] DemoSaucev1:55 - enter the password
2022-05-30 14:58:53,501  INFO [main] DemoSaucev1:57 - click on loginbutton
2022-05-30 14:58:53,503  INFO [main] DemoSaucev1:25 - Verify the test case
2022-05-30 14:58:53,907  INFO [main] DemoSaucev1:65 - End of program
2022-05-30 14:58:54,907  INFO [main] DemoSaucev1:42 - Browser is open
2022-05-30 14:58:56,529  INFO [main] DemoSaucev1:46 - URL open
2022-05-30 14:58:56,629  INFO [main] DemoSaucev1:53 - enter the username
2022-05-30 14:58:56,710  INFO [main] DemoSaucev1:55 - enter the password
2022-05-30 14:58:56,840  INFO [main] DemoSaucev1:57 - click on loginbutton
2022-05-30 14:58:57,102  INFO [main] DemoSaucev1:25 - Multiple bag add to cart
2022-05-30 14:58:57,588  INFO [main] DemoSaucev1:65 - End of program
2022-05-30 14:58:58,554  INFO [main] DemoSaucev1:42 - Browser is open
2022-05-30 14:59:00,383  INFO [main] DemoSaucev1:46 - URL open
2022-05-30 14:59:00,482  INFO [main] DemoSaucev1:53 - enter the username
2022-05-30 14:59:00,560  INFO [main] DemoSaucev1:55 - enter the password
2022-05-30 14:59:00,684  INFO [main] DemoSaucev1:57 - click on loginbutton
2022-05-30 14:59:00,752  INFO [main] DemoSaucev1:26 - Single product added to cart
2022-05-30 14:59:00,821  INFO [main] DemoSaucev1:28 - Click on cart Button
2022-05-30 14:59:01,010  INFO [main] DemoSaucev1:35 - First name added
2022-05-30 14:59:01,094  INFO [main] DemoSaucev1:37 - Last name added
2022-05-30 14:59:01,170  INFO [main] DemoSaucev1:39 - Click on ContinueButton
2022-05-30 14:59:01,229  INFO [main] DemoSaucev1:49 - Click on menubutton
2022-05-30 14:59:01,365  INFO [main] DemoSaucev1:51 - click on logoutbutton
2022-05-30 14:59:01,769  INFO [main] DemoSaucev1:65 - End of program
2022-05-30 14:59:02,703  INFO [main] DemoSaucev1:42 - Browser is open
2022-05-30 14:59:04,372  INFO [main] DemoSaucev1:46 - URL open
2022-05-30 14:59:04,475  INFO [main] DemoSaucev1:53 - enter the username
2022-05-30 14:59:04,550  INFO [main] DemoSaucev1:55 - enter the password
2022-05-30 14:59:04,681  INFO [main] DemoSaucev1:57 - click on loginbutton
2022-05-30 14:59:04,742  INFO [main] DemoSaucev1:26 - Click on menubutton
2022-05-30 14:59:04,913  INFO [main] DemoSaucev1:28 - click on logoutbutton
2022-05-30 14:59:05,293  INFO [main] DemoSaucev1:65 - End of program
2022-05-31 15:20:49,979  INFO [main] DemoSaucev1:46 - URL open
2022-05-31 15:20:50,114  INFO [main] DemoSaucev1:53 - enter the username
2022-05-31 15:20:50,187  INFO [main] DemoSaucev1:55 - enter the password
2022-05-31 15:20:50,306  INFO [main] DemoSaucev1:57 - click on loginbutton
2022-05-31 15:20:50,413  INFO [main] DemoSaucev1:24 - Single product added to cart
2022-05-31 15:20:50,505  INFO [main] DemoSaucev1:26 - Click on cart Button
2022-05-31 15:20:50,633  INFO [main] DemoSaucev1:36 - Click on menubutton
2022-05-31 15:20:50,779  INFO [main] DemoSaucev1:38 - click on logoutbutton
2022-05-31 15:20:51,246  INFO [main] DemoSaucev1:65 - End of program
2022-05-31 15:20:52,165  INFO [main] DemoSaucev1:42 - Browser is open
2022-05-31 15:20:53,703  INFO [main] DemoSaucev1:46 - URL open
2022-05-31 15:20:53,789  INFO [main] DemoSaucev1:53 - enter the username
2022-05-31 15:20:53,854  INFO [main] DemoSaucev1:55 - enter the password
2022-05-31 15:20:53,951  INFO [main] DemoSaucev1:57 - click on loginbutton
2022-05-31 15:20:53,953  INFO [main] DemoSaucev1:25 - Verify the test case
2022-05-31 15:20:54,351  INFO [main] DemoSaucev1:65 - End of program
2022-05-31 15:20:55,392  INFO [main] DemoSaucev1:42 - Browser is open
2022-05-31 15:20:56,973  INFO [main] DemoSaucev1:46 - URL open
2022-05-31 15:20:57,061  INFO [main] DemoSaucev1:53 - enter the username
2022-05-31 15:20:57,131  INFO [main] DemoSaucev1:55 - enter the password
2022-05-31 15:20:57,227  INFO [main] DemoSaucev1:57 - click on loginbutton
2022-05-31 15:20:57,441  INFO [main] DemoSaucev1:25 - Multiple bag add to cart
2022-05-31 15:20:57,841  INFO [main] DemoSaucev1:65 - End of program
2022-05-31 15:20:58,809  INFO [main] DemoSaucev1:42 - Browser is open
2022-05-31 15:21:00,402  INFO [main] DemoSaucev1:46 - URL open
2022-05-31 15:21:00,491  INFO [main] DemoSaucev1:53 - enter the username
2022-05-31 15:21:00,552  INFO [main] DemoSaucev1:55 - enter the password
2022-05-31 15:21:00,646  INFO [main] DemoSaucev1:57 - click on loginbutton
2022-05-31 15:21:00,710  INFO [main] DemoSaucev1:26 - Single product added to cart
2022-05-31 15:21:00,774  INFO [main] DemoSaucev1:28 - Click on cart Button
2022-05-31 15:21:00,911  INFO [main] DemoSaucev1:35 - First name added
2022-05-31 15:21:00,977  INFO [main] DemoSaucev1:37 - Last name added
2022-05-31 15:21:01,031  INFO [main] DemoSaucev1:39 - Click on ContinueButton
2022-05-31 15:21:01,079  INFO [main] DemoSaucev1:49 - Click on menubutton
2022-05-31 15:21:01,184  INFO [main] DemoSaucev1:51 - click on logoutbutton
2022-05-31 15:21:01,572  INFO [main] DemoSaucev1:65 - End of program
2022-05-31 15:21:02,461  INFO [main] DemoSaucev1:42 - Browser is open
2022-05-31 15:21:04,074  INFO [main] DemoSaucev1:46 - URL open
2022-05-31 15:21:04,160  INFO [main] DemoSaucev1:53 - enter the username
2022-05-31 15:21:04,227  INFO [main] DemoSaucev1:55 - enter the password
2022-05-31 15:21:04,324  INFO [main] DemoSaucev1:57 - click on loginbutton
2022-05-31 15:21:04,390  INFO [main] DemoSaucev1:26 - Click on menubutton
2022-05-31 15:21:04,496  INFO [main] DemoSaucev1:28 - click on logoutbutton
2022-05-31 15:21:04,810  INFO [main] DemoSaucev1:65 - End of program
